  MyForm.cpp
c:\users\owner\documents\카카오톡 받은 파일\ba (3)\ba\cppwinform1\MyForm.h(213): warning C4101: 'Error_Full_Num' :참조되지 않은 지역 변수입니다.
c:\users\owner\documents\카카오톡 받은 파일\ba (3)\ba\cppwinform1\MyForm.h(691): warning C4101: 'a' :참조되지 않은 지역 변수입니다.
c:\users\owner\documents\카카오톡 받은 파일\ba (3)\ba\cppwinform1\MyForm.h(704): warning C4101: 'b' :참조되지 않은 지역 변수입니다.
c:\users\owner\documents\카카오톡 받은 파일\ba (3)\ba\cppwinform1\MyForm.h(720): warning C4101: 'd' :참조되지 않은 지역 변수입니다.
c:\users\owner\documents\카카오톡 받은 파일\ba (3)\ba\cppwinform1\MyForm.h(763): warning C4965: 정수 0을 암시적으로 boxing했습니다. nullptr 또는 명시적 캐스팅을 사용하십시오.
c:\users\owner\documents\카카오톡 받은 파일\ba (3)\ba\cppwinform1\MyForm.h(772): warning C4101: 'a' :참조되지 않은 지역 변수입니다.
c:\users\owner\documents\카카오톡 받은 파일\ba (3)\ba\cppwinform1\MyForm.h(791): warning C4101: 'b' :참조되지 않은 지역 변수입니다.
c:\users\owner\documents\카카오톡 받은 파일\ba (3)\ba\cppwinform1\MyForm.h(883): warning C4101: 'a' :참조되지 않은 지역 변수입니다.
c:\users\owner\documents\카카오톡 받은 파일\ba (3)\ba\cppwinform1\MyForm.h(908): warning C4101: 'c' :참조되지 않은 지역 변수입니다.
c:\users\owner\documents\카카오톡 받은 파일\ba (3)\ba\cppwinform1\MyForm21.h(2): warning C4067: 전처리기 지시문 다음에 예기치 않은 토큰이 있습니다. 줄 바꿈 문자가 필요합니다.
  MyForm1.cpp
c:\users\owner\documents\카카오톡 받은 파일\ba (3)\ba\cppwinform1\MyForm.h(213): warning C4101: 'Error_Full_Num' :참조되지 않은 지역 변수입니다.
c:\users\owner\documents\카카오톡 받은 파일\ba (3)\ba\cppwinform1\MyForm.h(691): warning C4101: 'a' :참조되지 않은 지역 변수입니다.
c:\users\owner\documents\카카오톡 받은 파일\ba (3)\ba\cppwinform1\MyForm.h(704): warning C4101: 'b' :참조되지 않은 지역 변수입니다.
c:\users\owner\documents\카카오톡 받은 파일\ba (3)\ba\cppwinform1\MyForm.h(720): warning C4101: 'd' :참조되지 않은 지역 변수입니다.
c:\users\owner\documents\카카오톡 받은 파일\ba (3)\ba\cppwinform1\MyForm.h(763): warning C4965: 정수 0을 암시적으로 boxing했습니다. nullptr 또는 명시적 캐스팅을 사용하십시오.
c:\users\owner\documents\카카오톡 받은 파일\ba (3)\ba\cppwinform1\MyForm.h(772): warning C4101: 'a' :참조되지 않은 지역 변수입니다.
c:\users\owner\documents\카카오톡 받은 파일\ba (3)\ba\cppwinform1\MyForm.h(791): warning C4101: 'b' :참조되지 않은 지역 변수입니다.
c:\users\owner\documents\카카오톡 받은 파일\ba (3)\ba\cppwinform1\MyForm.h(883): warning C4101: 'a' :참조되지 않은 지역 변수입니다.
c:\users\owner\documents\카카오톡 받은 파일\ba (3)\ba\cppwinform1\MyForm.h(908): warning C4101: 'c' :참조되지 않은 지역 변수입니다.
  MyForm21.cpp
c:\users\owner\documents\카카오톡 받은 파일\ba (3)\ba\cppwinform1\MyForm.h(213): warning C4101: 'Error_Full_Num' :참조되지 않은 지역 변수입니다.
c:\users\owner\documents\카카오톡 받은 파일\ba (3)\ba\cppwinform1\MyForm.h(691): warning C4101: 'a' :참조되지 않은 지역 변수입니다.
c:\users\owner\documents\카카오톡 받은 파일\ba (3)\ba\cppwinform1\MyForm.h(704): warning C4101: 'b' :참조되지 않은 지역 변수입니다.
c:\users\owner\documents\카카오톡 받은 파일\ba (3)\ba\cppwinform1\MyForm.h(720): warning C4101: 'd' :참조되지 않은 지역 변수입니다.
c:\users\owner\documents\카카오톡 받은 파일\ba (3)\ba\cppwinform1\MyForm.h(763): warning C4965: 정수 0을 암시적으로 boxing했습니다. nullptr 또는 명시적 캐스팅을 사용하십시오.
c:\users\owner\documents\카카오톡 받은 파일\ba (3)\ba\cppwinform1\MyForm.h(772): warning C4101: 'a' :참조되지 않은 지역 변수입니다.
c:\users\owner\documents\카카오톡 받은 파일\ba (3)\ba\cppwinform1\MyForm.h(791): warning C4101: 'b' :참조되지 않은 지역 변수입니다.
c:\users\owner\documents\카카오톡 받은 파일\ba (3)\ba\cppwinform1\MyForm.h(883): warning C4101: 'a' :참조되지 않은 지역 변수입니다.
c:\users\owner\documents\카카오톡 받은 파일\ba (3)\ba\cppwinform1\MyForm.h(908): warning C4101: 'c' :참조되지 않은 지역 변수입니다.
c:\users\owner\documents\카카오톡 받은 파일\ba (3)\ba\cppwinform1\MyForm21.h(2): warning C4067: 전처리기 지시문 다음에 예기치 않은 토큰이 있습니다. 줄 바꿈 문자가 필요합니다.
  MyForm22.cpp
c:\users\owner\documents\카카오톡 받은 파일\ba (3)\ba\cppwinform1\MyForm.h(213): warning C4101: 'Error_Full_Num' :참조되지 않은 지역 변수입니다.
c:\users\owner\documents\카카오톡 받은 파일\ba (3)\ba\cppwinform1\MyForm.h(691): warning C4101: 'a' :참조되지 않은 지역 변수입니다.
c:\users\owner\documents\카카오톡 받은 파일\ba (3)\ba\cppwinform1\MyForm.h(704): warning C4101: 'b' :참조되지 않은 지역 변수입니다.
c:\users\owner\documents\카카오톡 받은 파일\ba (3)\ba\cppwinform1\MyForm.h(720): warning C4101: 'd' :참조되지 않은 지역 변수입니다.
c:\users\owner\documents\카카오톡 받은 파일\ba (3)\ba\cppwinform1\MyForm.h(763): warning C4965: 정수 0을 암시적으로 boxing했습니다. nullptr 또는 명시적 캐스팅을 사용하십시오.
c:\users\owner\documents\카카오톡 받은 파일\ba (3)\ba\cppwinform1\MyForm.h(772): warning C4101: 'a' :참조되지 않은 지역 변수입니다.
c:\users\owner\documents\카카오톡 받은 파일\ba (3)\ba\cppwinform1\MyForm.h(791): warning C4101: 'b' :참조되지 않은 지역 변수입니다.
c:\users\owner\documents\카카오톡 받은 파일\ba (3)\ba\cppwinform1\MyForm.h(883): warning C4101: 'a' :참조되지 않은 지역 변수입니다.
c:\users\owner\documents\카카오톡 받은 파일\ba (3)\ba\cppwinform1\MyForm.h(908): warning C4101: 'c' :참조되지 않은 지역 변수입니다.
  코드를 생성하고 있습니다...
c:\users\owner\documents\카카오톡 받은 파일\ba (3)\ba\cppwinform1\myform.h(101): warning C4715: 'CppWinForm1::MyForm::toChar': 모든 제어 경로에서 값을 반환하지는 않습니다.
c:\users\owner\documents\카카오톡 받은 파일\ba (3)\ba\cppwinform1\myform.h(187): warning C4715: 'CppWinForm1::MyForm::StrCmp': 모든 제어 경로에서 값을 반환하지는 않습니다.
c:\users\owner\documents\카카오톡 받은 파일\ba (3)\ba\cppwinform1\myform.h(101): warning C4715: 'CppWinForm1::MyForm::toChar': 모든 제어 경로에서 값을 반환하지는 않습니다.
c:\users\owner\documents\카카오톡 받은 파일\ba (3)\ba\cppwinform1\myform.h(187): warning C4715: 'CppWinForm1::MyForm::StrCmp': 모든 제어 경로에서 값을 반환하지는 않습니다.
c:\users\owner\documents\카카오톡 받은 파일\ba (3)\ba\cppwinform1\myform.h(101): warning C4715: 'CppWinForm1::MyForm::toChar': 모든 제어 경로에서 값을 반환하지는 않습니다.
c:\users\owner\documents\카카오톡 받은 파일\ba (3)\ba\cppwinform1\myform.h(187): warning C4715: 'CppWinForm1::MyForm::StrCmp': 모든 제어 경로에서 값을 반환하지는 않습니다.
c:\users\owner\documents\카카오톡 받은 파일\ba (3)\ba\cppwinform1\myform.h(101): warning C4715: 'CppWinForm1::MyForm::toChar': 모든 제어 경로에서 값을 반환하지는 않습니다.
c:\users\owner\documents\카카오톡 받은 파일\ba (3)\ba\cppwinform1\myform.h(187): warning C4715: 'CppWinForm1::MyForm::StrCmp': 모든 제어 경로에서 값을 반환하지는 않습니다.
  CppWinForm1.vcxproj -> C:\Users\owner\Documents\카카오톡 받은 파일\ba (3)\ba\x64\Debug\CppWinForm1.exe
  CppWinForm1.vcxproj -> C:\Users\owner\Documents\카카오톡 받은 파일\ba (3)\ba\x64\Debug\CppWinForm1.pdb (Full PDB)
